<?xml version="1.0" encoding="UTF-8"?>
<testng-results skipped="0" failed="1" ignored="0" total="2" passed="1">
  <reporter-output>
  </reporter-output>
  <suite name="Default suite" duration-ms="25371" started-at="2020-02-29T12:30:02 EST" finished-at="2020-02-29T12:30:27 EST">
    <groups>
    </groups>
    <test name="Default test" duration-ms="25371" started-at="2020-02-29T12:30:02 EST" finished-at="2020-02-29T12:30:27 EST">
      <class name="Tekarch_Testing">
        <test-method status="PASS" signature="InitializeDriver()[pri:0, instance:Tekarch_Testing@1ad282e0]" name="InitializeDriver" is-config="true" duration-ms="13987" started-at="2020-02-29T12:30:02 EST" finished-at="2020-02-29T12:30:16 EST">
          <reporter-output>
          </reporter-output>
        </test-method> <!-- InitializeDriver -->
        <test-method status="FAIL" signature="Pagination()[pri:0, instance:Tekarch_Testing@1ad282e0]" name="Pagination" duration-ms="565" started-at="2020-02-29T12:30:16 EST" finished-at="2020-02-29T12:30:16 EST">
          <exception class="org.openqa.selenium.NoSuchElementException">
            <message>
              <![CDATA[no such element: Unable to locate element: {"method":"xpath","selector":"/html/body/app-root/div/div[2]/app-dashboard/div/div[2]/p-table/div/p-paginator/div/span/a[1]"}
  (Session info: chrome=80.0.3987.122)
For documentation on this error, please visit: http://seleniumhq.org/exceptions/no_such_element.html
Build info: version: '3.4.0', revision: 'unknown', time: 'unknown'
System info: host: 'SANYO-PC', ip: '10.0.0.232', os.name: 'Windows 7', os.arch: 'amd64', os.version: '6.1', java.version: '1.8.0_231'
Driver info: org.openqa.selenium.chrome.ChromeDriver
Capabilities [{networkConnectionEnabled=false, chrome={chromedriverVersion=80.0.3987.106 (f68069574609230cf9b635cd784cfb1bf81bb53a-refs/branch-heads/3987@{#882}), userDataDir=C:\Users\SANYO\AppData\Local\Temp\scoped_dir3768_1899238473}, timeouts={implicit=0.0, pageLoad=300000.0, script=30000.0}, pageLoadStrategy=normal, unhandledPromptBehavior=dismiss and notify, strictFileInteractability=false, platform=ANY, proxy=Proxy(), goog:chromeOptions={debuggerAddress=localhost:53269}, acceptInsecureCerts=false, browserVersion=80.0.3987.122, browserName=chrome, javascriptEnabled=true, platformName=windows, setWindowRect=true}]
Session ID: 4c8bdd3b484753d5c8cf945be3883f8a
*** Element info: {Using=xpath, value=/html/body/app-root/div/div[2]/app-dashboard/div/div[2]/p-table/div/p-paginator/div/span/a[1]}]]>
            </message>
            <full-stacktrace>
              <![CDATA[org.openqa.selenium.NoSuchElementException: no such element: Unable to locate element: {"method":"xpath","selector":"/html/body/app-root/div/div[2]/app-dashboard/div/div[2]/p-table/div/p-paginator/div/span/a[1]"}
  (Session info: chrome=80.0.3987.122)
For documentation on this error, please visit: http://seleniumhq.org/exceptions/no_such_element.html
Build info: version: '3.4.0', revision: 'unknown', time: 'unknown'
System info: host: 'SANYO-PC', ip: '10.0.0.232', os.name: 'Windows 7', os.arch: 'amd64', os.version: '6.1', java.version: '1.8.0_231'
Driver info: org.openqa.selenium.chrome.ChromeDriver
Capabilities [{networkConnectionEnabled=false, chrome={chromedriverVersion=80.0.3987.106 (f68069574609230cf9b635cd784cfb1bf81bb53a-refs/branch-heads/3987@{#882}), userDataDir=C:\Users\SANYO\AppData\Local\Temp\scoped_dir3768_1899238473}, timeouts={implicit=0.0, pageLoad=300000.0, script=30000.0}, pageLoadStrategy=normal, unhandledPromptBehavior=dismiss and notify, strictFileInteractability=false, platform=ANY, proxy=Proxy(), goog:chromeOptions={debuggerAddress=localhost:53269}, acceptInsecureCerts=false, browserVersion=80.0.3987.122, browserName=chrome, javascriptEnabled=true, platformName=windows, setWindowRect=true}]
Session ID: 4c8bdd3b484753d5c8cf945be3883f8a
*** Element info: {Using=xpath, value=/html/body/app-root/div/div[2]/app-dashboard/div/div[2]/p-table/div/p-paginator/div/span/a[1]}
at sun.reflect.NativeConstructorAccessorImpl.newInstance0(Native Method)
at sun.reflect.NativeConstructorAccessorImpl.newInstance(Unknown Source)
at sun.reflect.DelegatingConstructorAccessorImpl.newInstance(Unknown Source)
at java.lang.reflect.Constructor.newInstance(Unknown Source)
at org.openqa.selenium.remote.http.W3CHttpResponseCodec.createException(W3CHttpResponseCodec.java:150)
at org.openqa.selenium.remote.http.W3CHttpResponseCodec.decode(W3CHttpResponseCodec.java:115)
at org.openqa.selenium.remote.http.W3CHttpResponseCodec.decode(W3CHttpResponseCodec.java:45)
at org.openqa.selenium.remote.HttpCommandExecutor.execute(HttpCommandExecutor.java:164)
at org.openqa.selenium.remote.service.DriverCommandExecutor.execute(DriverCommandExecutor.java:82)
at org.openqa.selenium.remote.RemoteWebDriver.execute(RemoteWebDriver.java:637)
at org.openqa.selenium.remote.RemoteWebDriver.findElement(RemoteWebDriver.java:410)
at org.openqa.selenium.remote.RemoteWebDriver.findElementByXPath(RemoteWebDriver.java:509)
at org.openqa.selenium.By$ByXPath.findElement(By.java:361)
at org.openqa.selenium.remote.RemoteWebDriver.findElement(RemoteWebDriver.java:402)
at Tekarch_Testing.Pagination(Tekarch_Testing.java:78)
at sun.reflect.NativeMethodAccessorImpl.invoke0(Native Method)
at sun.reflect.NativeMethodAccessorImpl.invoke(Unknown Source)
at sun.reflect.DelegatingMethodAccessorImpl.invoke(Unknown Source)
at java.lang.reflect.Method.invoke(Unknown Source)
at org.testng.internal.MethodInvocationHelper.invokeMethod(MethodInvocationHelper.java:133)
at org.testng.internal.TestInvoker.invokeMethod(TestInvoker.java:584)
at org.testng.internal.TestInvoker.invokeTestMethod(TestInvoker.java:172)
at org.testng.internal.MethodRunner.runInSequence(MethodRunner.java:46)
at org.testng.internal.TestInvoker$MethodInvocationAgent.invoke(TestInvoker.java:804)
at org.testng.internal.TestInvoker.invokeTestMethods(TestInvoker.java:145)
at org.testng.internal.TestMethodWorker.invokeTestMethods(TestMethodWorker.java:146)
at org.testng.internal.TestMethodWorker.run(TestMethodWorker.java:128)
at java.util.ArrayList.forEach(Unknown Source)
at org.testng.TestRunner.privateRun(TestRunner.java:770)
at org.testng.TestRunner.run(TestRunner.java:591)
at org.testng.SuiteRunner.runTest(SuiteRunner.java:402)
at org.testng.SuiteRunner.runSequentially(SuiteRunner.java:396)
at org.testng.SuiteRunner.privateRun(SuiteRunner.java:355)
at org.testng.SuiteRunner.run(SuiteRunner.java:304)
at org.testng.SuiteRunnerWorker.runSuite(SuiteRunnerWorker.java:53)
at org.testng.SuiteRunnerWorker.run(SuiteRunnerWorker.java:96)
at org.testng.TestNG.runSuitesSequentially(TestNG.java:1180)
at org.testng.TestNG.runSuitesLocally(TestNG.java:1102)
at org.testng.TestNG.runSuites(TestNG.java:1032)
at org.testng.TestNG.run(TestNG.java:1000)
at org.testng.remote.AbstractRemoteTestNG.run(AbstractRemoteTestNG.java:115)
at org.testng.remote.RemoteTestNG.initAndRun(RemoteTestNG.java:251)
at org.testng.remote.RemoteTestNG.main(RemoteTestNG.java:77)
]]>
            </full-stacktrace>
          </exception> <!-- org.openqa.selenium.NoSuchElementException -->
          <reporter-output>
          </reporter-output>
        </test-method> <!-- Pagination -->
        <test-method status="PASS" signature="LoginTo_Tekarch()[pri:1, instance:Tekarch_Testing@1ad282e0]" name="LoginTo_Tekarch" duration-ms="10735" started-at="2020-02-29T12:30:17 EST" finished-at="2020-02-29T12:30:27 EST">
          <reporter-output>
          </reporter-output>
        </test-method> <!-- LoginTo_Tekarch -->
      </class> <!-- Tekarch_Testing -->
    </test> <!-- Default test -->
  </suite> <!-- Default suite -->
</testng-results>
